<?xml version="1.0" encoding="UTF-8"?>
<testsuite name="StringUtilsTest" tests="2" skipped="0" failures="0" errors="0" timestamp="2023-05-01T19:08:30" hostname="LAPTOP-5PSGC53T" time="0.029">
  <properties/>
  <testcase name="capitalizeIndex()" classname="StringUtilsTest" time="0.026"/>
  <testcase name="capitalizeWhole()" classname="StringUtilsTest" time="0.002"/>
  <system-out><![CDATA[]]></system-out>
  <system-err><![CDATA[]]></system-err>
</testsuite>
